\BOOKMARK [0][-]{chapter*.3}{Antonio Machado. Retrato}{}% 1
\BOOKMARK [-1][-]{part.1}{I p1990sa \(Analizador Sint\341ctico\)}{}% 2
\BOOKMARK [0][-]{chapter.1}{Formalidades del Analizador Sintactico}{part.1}% 3
\BOOKMARK [1][-]{section.1.1}{Gram\341ticas}{chapter.1}% 4
\BOOKMARK [2][-]{subsection.1.1.1}{Derivaciones}{section.1.1}% 5
\BOOKMARK [3][-]{subsubsection.1.1.1.1}{Representaci\363n mediante \301rboles}{subsection.1.1.1}% 6
\BOOKMARK [1][-]{section.1.2}{Introducci\363n a los Lenguajes Formales \(LFs\)}{chapter.1}% 7
\BOOKMARK [2][-]{subsection.1.2.1}{Definiciones}{section.1.2}% 8
\BOOKMARK [2][-]{subsection.1.2.2}{Especificaci\363n de los LFs}{section.1.2}% 9
\BOOKMARK [2][-]{subsection.1.2.3}{\277Qu\351 diferencia a un Lenguaje Natural \(Humano\) de un LF?}{section.1.2}% 10
\BOOKMARK [1][-]{section.1.3}{Jerarqu\355a de Chomsky \(JC\)}{chapter.1}% 11
\BOOKMARK [2][-]{subsection.1.3.1}{Definiciones}{section.1.3}% 12
\BOOKMARK [2][-]{subsection.1.3.2}{Niveles}{section.1.3}% 13
\BOOKMARK [1][-]{section.1.4}{Descripci\363n de Gram\341ticas Formales}{chapter.1}% 14
\BOOKMARK [2][-]{subsection.1.4.1}{Backus-Naur Form}{section.1.4}% 15
\BOOKMARK [2][-]{subsection.1.4.2}{Wijngaarden Form}{section.1.4}% 16
\BOOKMARK [1][-]{section.1.5}{Especificaciones}{chapter.1}% 17
\BOOKMARK [1][-]{section.1.6}{Reconocimiento}{chapter.1}% 18
\BOOKMARK [1][-]{section.1.7}{Definiciones}{chapter.1}% 19
\BOOKMARK [2][-]{subsection.1.7.1}{Autom\341tas LL\(1\)}{section.1.7}% 20
\BOOKMARK [2][-]{subsection.1.7.2}{Conjunto de los Primeros}{section.1.7}% 21
\BOOKMARK [2][-]{subsection.1.7.3}{Conjunto de los Siguientes}{section.1.7}% 22
\BOOKMARK [2][-]{subsection.1.7.4}{Conjuntos de Predicci\363n}{section.1.7}% 23
\BOOKMARK [1][-]{section.1.8}{C\363digo fuente: gp1990sa.y}{chapter.1}% 24
\BOOKMARK [1][-]{section.1.8}{Notas del cap\355tulo}{chapter.1}% 25
\BOOKMARK [1][-]{section*.21}{Bibliograf\355a capitular}{chapter.1}% 26
\BOOKMARK [0][-]{chapter*.22}{Bibliograf\355a general de la obra}{part.1}% 27
