\BOOKMARK [0][-]{chapter.4}{Compiladores del Lenguaje Pascal}{}% 1
\BOOKMARK [1][-]{section.4.1}{Pascal User's Group \(PUG\)}{chapter.4}% 2
\BOOKMARK [2][-]{subsection.4.1.1}{Historia}{section.4.1}% 3
\BOOKMARK [1][-]{section.4.2}{Pascal-P \(The Portable Pascal Compiler\)}{chapter.4}% 4
\BOOKMARK [2][-]{subsection.4.2.1}{Historia Pascal CDC 6000}{section.4.2}% 5
\BOOKMARK [2][-]{subsection.4.2.2}{Historia Pascal-P}{section.4.2}% 6
\BOOKMARK [1][-]{section.4.3}{UCSD Pascal}{chapter.4}% 7
\BOOKMARK [2][-]{subsection.4.3.1}{Historia}{section.4.3}% 8
\BOOKMARK [1][-]{section.4.4}{Pascaline}{chapter.4}% 9
\BOOKMARK [2][-]{subsection.4.4.1}{IP Pascal}{section.4.4}% 10
\BOOKMARK [1][-]{section.4.5}{Borland Pascal}{chapter.4}% 11
\BOOKMARK [2][-]{subsection.4.5.1}{Historia}{section.4.5}% 12
\BOOKMARK [2][-]{subsection.4.5.2}{Valores internos para datos num\351ricos simples}{section.4.5}% 13
\BOOKMARK [2][-]{subsection.4.5.3}{Biblioteca est\341ndar}{section.4.5}% 14
\BOOKMARK [1][-]{section.4.6}{GNU Pascal Compiler \(GPC\)}{chapter.4}% 15
\BOOKMARK [2][-]{subsection.4.6.1}{\277Qu\351 es GPC?}{section.4.6}% 16
\BOOKMARK [2][-]{subsection.4.6.2}{Estructura de GPC}{section.4.6}% 17
\BOOKMARK [1][-]{section.4.7}{FreePascal}{chapter.4}% 18
\BOOKMARK [2][-]{subsection.4.7.1}{\277Qu\351 es FreePascal?}{section.4.7}% 19
\BOOKMARK [2][-]{subsection.4.7.2}{Historia}{section.4.7}% 20
\BOOKMARK [3][-]{subsubsection.4.7.2.1}{Versiones}{subsection.4.7.2}% 21
\BOOKMARK [2][-]{subsection.4.7.3}{Estructura de FreePascal}{section.4.7}% 22
\BOOKMARK [1][-]{Item.79}{Notas del cap\355tulo}{chapter.4}% 23
