This is pdfTeX, Version 3.1415926-2.4-1.40.13 (TeX Live 2012) (format=latex 2014.8.15)  14 SEP 2014 01:41
entering extended mode
 restricted \write18 enabled.
 %&-line parsing enabled.
**main
(/usr/share/texmf-dist/tex/latex/tools/x.tex
LaTeX2e <2011/06/27>
Babel <v3.8m> and hyphenation patterns for english, dumylang, nohyphenation, pi
nyin, bulgarian, russian, ukrainian, catalan, galician, spanish, loaded.

! .
l.34   \batchmode \errmessage{}
                               \csname @@end\endcsname \end
This error message was generated by an \errmessage
command, so I can't give any explicit help.
Pretend that you're Hercule Poirot: Examine all clues,
and deduce the truth by order and method.

 ) 
Here is how much of TeX's memory you used:
 7 strings out of 49755
 218 string characters out of 424683
 47793 words of memory out of 1100000
 3302 multiletter control sequences out of 15000+15000
 3640 words of font info for 14 fonts, out of 400000 for 9000
 224 hyphenation exceptions out of 8191
 5i,0n,1p,84b,8s stack positions out of 1500i,500n,1500p,200000b,5000s

No pages of output.
