\BOOKMARK [0][-]{chapter.6}{Formalidades del Sint\341ctico}{}% 1
\BOOKMARK [1][-]{section.6.1}{Gram\341ticas}{chapter.6}% 2
\BOOKMARK [2][-]{subsection.6.1.1}{Derivaciones}{section.6.1}% 3
\BOOKMARK [3][-]{subsubsection.6.1.1.1}{Representaci\363n mediante \301rboles}{subsection.6.1.1}% 4
\BOOKMARK [1][-]{section.6.2}{Introducci\363n a los Lenguajes Formales \(LFs\)}{chapter.6}% 5
\BOOKMARK [2][-]{subsection.6.2.1}{Definiciones}{section.6.2}% 6
\BOOKMARK [2][-]{subsection.6.2.2}{Especificaci\363n de los LFs}{section.6.2}% 7
\BOOKMARK [2][-]{subsection.6.2.3}{\277Qu\351 diferencia a un Lenguaje Natural \(Humano\) de un LF?}{section.6.2}% 8
\BOOKMARK [1][-]{section.6.3}{Jerarqu\355a de Chomsky \(JC\)}{chapter.6}% 9
\BOOKMARK [2][-]{subsection.6.3.1}{Definiciones}{section.6.3}% 10
\BOOKMARK [2][-]{subsection.6.3.2}{Niveles}{section.6.3}% 11
\BOOKMARK [1][-]{section.6.4}{Descripci\363n de Gram\341ticas Formales}{chapter.6}% 12
\BOOKMARK [2][-]{subsection.6.4.1}{Backus-Naur Form}{section.6.4}% 13
\BOOKMARK [2][-]{subsection.6.4.2}{Wijngaarden Form}{section.6.4}% 14
\BOOKMARK [1][-]{section.6.5}{Especificaciones}{chapter.6}% 15
\BOOKMARK [1][-]{section.6.6}{Reconocimiento}{chapter.6}% 16
\BOOKMARK [1][-]{section.6.7}{Definiciones}{chapter.6}% 17
\BOOKMARK [2][-]{subsection.6.7.1}{Autom\341tas LL\(1\)}{section.6.7}% 18
\BOOKMARK [2][-]{subsection.6.7.2}{Conjunto de los Primeros}{section.6.7}% 19
\BOOKMARK [2][-]{subsection.6.7.3}{Conjunto de los Siguientes}{section.6.7}% 20
\BOOKMARK [2][-]{subsection.6.7.4}{Conjuntos de Predicci\363n}{section.6.7}% 21
\BOOKMARK [1][-]{equation.6.7.19}{Notas del cap\355tulo}{chapter.6}% 22
