\BOOKMARK [0][-]{chapter.1}{Formalismos}{}% 1
\BOOKMARK [1][-]{section.1.1}{Introducci\363n a la Teor\355a de Conjuntos}{chapter.1}% 2
\BOOKMARK [2][-]{subsection.1.1.1}{Definiciones}{section.1.1}% 3
\BOOKMARK [2][-]{subsection.1.1.2}{Operaciones}{section.1.1}% 4
\BOOKMARK [1][-]{section.1.2}{Relaciones}{chapter.1}% 5
\BOOKMARK [2][-]{subsection.1.2.1}{Definiciones}{section.1.2}% 6
\BOOKMARK [2][-]{subsection.1.2.2}{Producto Cartesiano}{section.1.2}% 7
\BOOKMARK [2][-]{subsection.1.2.3}{Representaciones}{section.1.2}% 8
\BOOKMARK [2][-]{subsection.1.2.4}{Tipos}{section.1.2}% 9
\BOOKMARK [1][-]{section.1.3}{Funciones}{chapter.1}% 10
\BOOKMARK [2][-]{subsection.1.3.1}{Propiedades}{section.1.3}% 11
\BOOKMARK [2][-]{subsection.1.3.2}{Tipos}{section.1.3}% 12
\BOOKMARK [2][-]{subsection.1.3.3}{Operaciones}{section.1.3}% 13
\BOOKMARK [1][-]{section.1.4}{\301lgebra de Boole}{chapter.1}% 14
\BOOKMARK [2][-]{subsection.1.4.1}{Generalidades}{section.1.4}% 15
\BOOKMARK [2][-]{subsection.1.4.2}{L\363gica Binaria}{section.1.4}% 16
\BOOKMARK [2][-]{subsection.1.4.3}{Funciones Booleanas}{section.1.4}% 17
\BOOKMARK [1][-]{section.1.5}{Nociones sobre Grafos}{chapter.1}% 18
\BOOKMARK [2][-]{subsection.1.5.1}{Definiciones}{section.1.5}% 19
\BOOKMARK [2][-]{subsection.1.5.2}{Clasificaci\363n}{section.1.5}% 20
\BOOKMARK [2][-]{subsection.1.5.3}{Tipos}{section.1.5}% 21
\BOOKMARK [2][-]{subsection.1.5.4}{Circuitos y Ciclos}{section.1.5}% 22
\BOOKMARK [2][-]{subsection.1.5.5}{\301rboles}{section.1.5}% 23
\BOOKMARK [3][-]{subsubsection.1.5.5.1}{Generalidades}{subsection.1.5.5}% 24
\BOOKMARK [3][-]{subsubsection.1.5.5.2}{\301rboles Generadores}{subsection.1.5.5}% 25
\BOOKMARK [4][-]{paragraph.1.5.5.2.1}{Algoritmo de Prim}{subsubsection.1.5.5.2}% 26
\BOOKMARK [4][-]{paragraph.1.5.5.2.2}{Algoritmo de Kruskal}{subsubsection.1.5.5.2}% 27
\BOOKMARK [3][-]{subsubsection.1.5.5.3}{\301rboles m-arios}{subsection.1.5.5}% 28
\BOOKMARK [1][-]{thm.1.5.50}{Notas del cap\355tulo}{chapter.1}% 29
